2024/09/14 13:05:33.92 j.u.u.Main                     INFO  [main                                              ] - Application Start.
2024/09/14 13:05:33.94 j.u.u.Main                     INFO  [main                                              ] - Setting develop environment.
2024/09/14 13:05:33.94 j.u.u.Main                     INFO  [main                                              ] - Using develop environment.
2024/09/14 13:05:34.00 j.u.u.Main                     DEBUG [JavaFX Application Thread                         ] - debug test
2024/09/14 13:05:34.00 j.u.u.Main                     INFO  [JavaFX Application Thread                         ] - Loading FXML.
2024/09/14 13:05:35.53 j.u.u.Main                     INFO  [JavaFX Application Thread                         ] - Waiting start.
2024/09/14 13:05:43.13 j.u.u.Main                     INFO  [main                                              ] - Application Exit.
2024/09/14 17:14:32.64 j.u.u.Main                     INFO  [main                                              ] - Application Start.
2024/09/14 17:14:32.64 j.u.u.Main                     INFO  [main                                              ] - Setting develop environment.
2024/09/14 17:14:32.64 j.u.u.Main                     INFO  [main                                              ] - Using develop environment.
2024/09/14 17:14:32.67 j.u.u.Main                     INFO  [JavaFX Application Thread                         ] - Loading FXML.
2024/09/14 17:14:34.06 j.u.u.Main                     INFO  [JavaFX Application Thread                         ] - Waiting start.
2024/09/14 17:14:41.47 j.u.u.o.b.Ground               ERROR [Thread-4                                          ] - Texture ground not found.
2024/09/14 17:14:50.29 j.u.u.Main                     INFO  [main                                              ] - Application Exit.
2024/09/14 17:15:18.02 j.u.u.Main                     INFO  [main                                              ] - Application Start.
2024/09/14 17:15:18.03 j.u.u.Main                     INFO  [main                                              ] - Setting develop environment.
2024/09/14 17:15:18.03 j.u.u.Main                     INFO  [main                                              ] - Using develop environment.
2024/09/14 17:15:18.05 j.u.u.Main                     INFO  [JavaFX Application Thread                         ] - Loading FXML.
2024/09/14 17:15:19.07 j.u.u.Main                     INFO  [JavaFX Application Thread                         ] - Waiting start.
2024/09/14 17:15:32.80 j.u.u.o.b.Ground               ERROR [Thread-4                                          ] - Texture ground not found.
2024/09/14 17:15:56.35 j.u.u.Main                     INFO  [main                                              ] - Application Exit.
2024/09/14 17:16:01.55 j.u.u.Main                     INFO  [main                                              ] - Application Start.
2024/09/14 17:16:01.56 j.u.u.Main                     INFO  [main                                              ] - Setting develop environment.
2024/09/14 17:16:01.56 j.u.u.Main                     INFO  [main                                              ] - Using develop environment.
2024/09/14 17:16:01.58 j.u.u.Main                     INFO  [JavaFX Application Thread                         ] - Loading FXML.
2024/09/14 17:16:02.83 j.u.u.Main                     INFO  [JavaFX Application Thread                         ] - Waiting start.
2024/09/14 17:16:07.39 j.u.u.m.AppStartManager        INFO  [JavaFX Application Thread                         ] - GameMap build success.
2024/09/14 17:16:07.48 j.u.u.m.AppStartManager        INFO  [JavaFX Application Thread                         ] - Draw success.
2024/09/14 17:16:21.81 j.u.u.Main                     INFO  [main                                              ] - Application Exit.
2024/09/14 17:16:45.40 j.u.u.Main                     INFO  [main                                              ] - Application Start.
2024/09/14 17:16:45.40 j.u.u.Main                     INFO  [main                                              ] - Setting develop environment.
2024/09/14 17:16:45.41 j.u.u.Main                     INFO  [main                                              ] - Using develop environment.
2024/09/14 17:16:45.43 j.u.u.Main                     INFO  [JavaFX Application Thread                         ] - Loading FXML.
2024/09/14 17:16:46.47 j.u.u.Main                     INFO  [JavaFX Application Thread                         ] - Waiting start.
2024/09/14 17:16:51.36 j.u.u.m.AppStartManager        INFO  [JavaFX Application Thread                         ] - GameMap build success.
2024/09/14 17:16:51.45 j.u.u.m.AppStartManager        INFO  [JavaFX Application Thread                         ] - Draw success.
2024/09/14 17:16:53.77 j.u.u.Main                     INFO  [main                                              ] - Application Exit.
2024/09/14 17:21:09.47 j.u.u.Main                     INFO  [main                                              ] - Application Start.
2024/09/14 17:21:09.47 j.u.u.Main                     INFO  [main                                              ] - Setting develop environment.
2024/09/14 17:21:09.47 j.u.u.Main                     INFO  [main                                              ] - Using develop environment.
2024/09/14 17:21:09.51 j.u.u.Main                     INFO  [JavaFX Application Thread                         ] - Loading FXML.
2024/09/14 17:21:10.87 j.u.u.Main                     INFO  [JavaFX Application Thread                         ] - Waiting start.
2024/09/14 17:21:25.44 j.u.u.Main                     INFO  [main                                              ] - Application Exit.
